<?xml version="1.0" encoding="UTF-8"?>
<!-- Generated by org.testng.reporters.JUnitXMLReporter -->
<testsuite hostname="LAPTOP-103PKHTO" ignored="0" name="chrome test" tests="1" failures="1" timestamp="2021-11-21T20:22:53 EST" time="183.057" errors="0">
  <testcase name="firstTest" time="182.552" classname="AWSDocker.ChromeBrowserDockerDemo">
    <failure type="java.lang.NullPointerException">
      <![CDATA[java.lang.NullPointerException
at AWSDocker.ChromeBrowserDockerDemo.firstTest(ChromeBrowserDockerDemo.java:45)
at java.util.ArrayList.forEach(ArrayList.java:1257)
at java.util.concurrent.FutureTask.run(FutureTask.java:266)
at java.util.concurrent.ThreadPoolExecutor.runWorker(ThreadPoolExecutor.java:1149)
at java.util.concurrent.ThreadPoolExecutor$Worker.run(ThreadPoolExecutor.java:624)
at java.lang.Thread.run(Thread.java:748)
... Removed 18 stack frames]]>
    </failure>
  </testcase> <!-- firstTest -->
</testsuite> <!-- chrome test -->
