<?xml version="1.0" encoding="UTF-8"?>
<!-- Generated by org.testng.reporters.JUnitXMLReporter -->
<testsuite hostname="LAPTOP-103PKHTO" ignored="0" name="firefox Test" tests="1" failures="1" timestamp="08 Nov 2021 04:33:49 GMT" time="159.03" errors="0">
  <testcase name="firstTest" time="158.635" classname="AWSDocker.FFBrowserDockerDemo">
    <failure type="java.lang.NullPointerException">
      <![CDATA[java.lang.NullPointerException
	at AWSDocker.FFBrowserDockerDemo.firstTest(FFBrowserDockerDemo.java:78)
	at java.util.concurrent.FutureTask.run(Unknown Source)
	at java.util.concurrent.ThreadPoolExecutor.runWorker(Unknown Source)
	at java.util.concurrent.ThreadPoolExecutor$Worker.run(Unknown Source)
	at java.lang.Thread.run(Unknown Source)
... Removed 16 stack frames]]>
    </failure>
  </testcase> <!-- firstTest -->
</testsuite> <!-- firefox Test -->
