<?xml version="1.0" encoding="UTF-8"?>
<testng-results skipped="0" failed="0" ignored="0" total="2" passed="2">
  <reporter-output>
  </reporter-output>
  <suite name="Docker Automation test" duration-ms="44798" started-at="2021-11-08T21:55:53 EST" finished-at="2021-11-08T21:56:38 EST">
    <groups>
    </groups>
    <test name="chrome test" duration-ms="22673" started-at="2021-11-08T21:55:53 EST" finished-at="2021-11-08T21:56:16 EST">
      <class name="AWSDocker.ChromeBrowserDockerDemo">
        <test-method status="PASS" signature="firstTest()[pri:0, instance:AWSDocker.ChromeBrowserDockerDemo@71318ec4]" name="firstTest" duration-ms="22611" started-at="2021-11-08T21:55:53 EST" finished-at="2021-11-08T21:56:16 EST">
          <reporter-output>
          </reporter-output>
        </test-method> <!-- firstTest -->
      </class> <!-- AWSDocker.ChromeBrowserDockerDemo -->
    </test> <!-- chrome test -->
    <test name="firefox Test" duration-ms="44797" started-at="2021-11-08T21:55:53 EST" finished-at="2021-11-08T21:56:38 EST">
      <class name="AWSDocker.FFBrowserDockerDemo">
        <test-method status="PASS" signature="firstTest()[pri:0, instance:AWSDocker.FFBrowserDockerDemo@57536d79]" name="firstTest" duration-ms="44745" started-at="2021-11-08T21:55:53 EST" finished-at="2021-11-08T21:56:38 EST">
          <reporter-output>
          </reporter-output>
        </test-method> <!-- firstTest -->
      </class> <!-- AWSDocker.FFBrowserDockerDemo -->
    </test> <!-- firefox Test -->
  </suite> <!-- Docker Automation test -->
</testng-results>
