<?xml version="1.0" encoding="UTF-8"?>
<testng-results skipped="0" failed="0" ignored="0" total="2" passed="2">
  <reporter-output>
  </reporter-output>
  <suite name="Docker Automation test" duration-ms="63913" started-at="2021-11-22T18:41:21Z" finished-at="2021-11-22T18:42:25Z">
    <groups>
    </groups>
    <test name="chrome test" duration-ms="30308" started-at="2021-11-22T18:41:21Z" finished-at="2021-11-22T18:41:51Z">
      <class name="AWSDocker.ChromeBrowserDockerDemo">
        <test-method status="PASS" signature="firstTest()[pri:0, instance:AWSDocker.ChromeBrowserDockerDemo@15761df8]" name="firstTest" duration-ms="30127" started-at="2021-11-22T13:41:21Z" finished-at="2021-11-22T13:41:51Z">
          <reporter-output>
          </reporter-output>
        </test-method> <!-- firstTest -->
      </class> <!-- AWSDocker.ChromeBrowserDockerDemo -->
    </test> <!-- chrome test -->
    <test name="firefox Test" duration-ms="63913" started-at="2021-11-22T18:41:21Z" finished-at="2021-11-22T18:42:25Z">
      <class name="AWSDocker.FFBrowserDockerDemo">
        <test-method status="PASS" signature="firstTest()[pri:0, instance:AWSDocker.FFBrowserDockerDemo@501edcf1]" name="firstTest" duration-ms="63725" started-at="2021-11-22T13:41:21Z" finished-at="2021-11-22T13:42:25Z">
          <reporter-output>
          </reporter-output>
        </test-method> <!-- firstTest -->
      </class> <!-- AWSDocker.FFBrowserDockerDemo -->
    </test> <!-- firefox Test -->
  </suite> <!-- Docker Automation test -->
</testng-results>
