<?xml version="1.0" encoding="UTF-8"?>
<testng-results skipped="0" failed="0" ignored="0" total="2" passed="2">
  <reporter-output>
  </reporter-output>
  <suite name="Docker Automation test" duration-ms="59030" started-at="2021-11-09T02:16:39Z" finished-at="2021-11-09T02:17:38Z">
    <groups>
    </groups>
    <test name="firefox Test" duration-ms="36164" started-at="2021-11-09T02:16:39Z" finished-at="2021-11-09T02:17:15Z">
      <class name="AWSDocker.FFBrowserDockerDemo">
        <test-method status="PASS" signature="firstTest()[pri:0, instance:AWSDocker.FFBrowserDockerDemo@501edcf1]" name="firstTest" duration-ms="36122" started-at="2021-11-08T21:16:39Z" finished-at="2021-11-08T21:17:15Z">
          <reporter-output>
          </reporter-output>
        </test-method> <!-- firstTest -->
      </class> <!-- AWSDocker.FFBrowserDockerDemo -->
    </test> <!-- firefox Test -->
    <test name="chrome test" duration-ms="59030" started-at="2021-11-09T02:16:39Z" finished-at="2021-11-09T02:17:38Z">
      <class name="AWSDocker.ChromeBrowserDockerDemo">
        <test-method status="PASS" signature="firstTest()[pri:0, instance:AWSDocker.ChromeBrowserDockerDemo@15761df8]" name="firstTest" duration-ms="59005" started-at="2021-11-08T21:16:39Z" finished-at="2021-11-08T21:17:38Z">
          <reporter-output>
          </reporter-output>
        </test-method> <!-- firstTest -->
      </class> <!-- AWSDocker.ChromeBrowserDockerDemo -->
    </test> <!-- chrome test -->
  </suite> <!-- Docker Automation test -->
</testng-results>
